[23:25:50] [main/INFO] [LaunchWrapper]: Loading tweak class name net.minecraftforge.fml.common.launcher.FMLTweaker
[23:25:50] [main/INFO] [LaunchWrapper]: Using primary tweak class name net.minecraftforge.fml.common.launcher.FMLTweaker
[23:25:50] [main/INFO] [LaunchWrapper]: Calling tweak class net.minecraftforge.fml.common.launcher.FMLTweaker
[23:25:50] [main/INFO] [FML]: Forge Mod Loader version 14.23.5.2847 for Minecraft 1.12.2 loading
[23:25:50] [main/INFO] [FML]: Java is Java HotSpot(TM) 64-Bit Server VM, version 1.8.0_221, running on Windows 10:amd64:10.0, installed at C:\Program Files\Java\jre1.8.0_221
[23:25:51] [main/WARN] [FML]: The coremod FMLCorePlugin (net.minecraftforge.fml.relauncher.FMLCorePlugin) is not signed!
[23:25:51] [main/WARN] [FML]: The coremod FMLForgePlugin (net.minecraftforge.classloading.FMLForgePlugin) is not signed!
[23:25:51] [main/INFO] [FML]: Searching D:\MultiMC\MultiMC\instances\Dynamic Understanding-1.0.0\.minecraft\mods for mods
[23:25:51] [main/INFO] [FML]: Searching D:\MultiMC\MultiMC\instances\Dynamic Understanding-1.0.0\.minecraft\mods\1.12.2 for mods
[23:25:51] [main/WARN] [FML]: Found FMLCorePluginContainsFMLMod marker in Apotheosis-1.12.2-1.12.4.jar. This is not recommended, @Mods should be in a separate jar from the coremod.
[23:25:51] [main/WARN] [FML]: The coremod ApotheosisCore (shadows.ApotheosisCore) is not signed!
[23:25:51] [main/WARN] [FML]: Found FMLCorePluginContainsFMLMod marker in astralsorcery-1.12.2-1.10.20.jar. This is not recommended, @Mods should be in a separate jar from the coremod.
[23:25:51] [main/WARN] [FML]: The coremod hellfirepvp.astralsorcery.core.AstralCore does not have a MCVersion annotation, it may cause issues with this version of Minecraft
[23:25:51] [main/INFO] [Astral Core]: [AstralCore] Initialized.
[23:25:51] [main/WARN] [FML]: Found FMLCorePluginContainsFMLMod marker in BetterFoliage-MC1.12-2.2.0.jar. This is not recommended, @Mods should be in a separate jar from the coremod.
[23:25:51] [main/WARN] [FML]: The coremod BetterFoliageLoader (mods.betterfoliage.loader.BetterFoliageLoader) is not signed!
[23:25:51] [main/WARN] [FML]: Found FMLCorePluginContainsFMLMod marker in CTM-MC1.12.2-1.0.1.30.jar. This is not recommended, @Mods should be in a separate jar from the coremod.
[23:25:51] [main/WARN] [FML]: The coremod team.chisel.ctm.client.asm.CTMCorePlugin does not have a MCVersion annotation, it may cause issues with this version of Minecraft
[23:25:51] [main/WARN] [FML]: The coremod CTMCorePlugin (team.chisel.ctm.client.asm.CTMCorePlugin) is not signed!
[23:25:51] [main/WARN] [FML]: Found FMLCorePluginContainsFMLMod marker in DynamicLights-1.12.2.jar. This is not recommended, @Mods should be in a separate jar from the coremod.
[23:25:51] [main/WARN] [FML]: The coremod atomicstryker.dynamiclights.common.DLFMLCorePlugin does not have a MCVersion annotation, it may cause issues with this version of Minecraft
[23:25:51] [main/WARN] [FML]: The coremod DLFMLCorePlugin (atomicstryker.dynamiclights.common.DLFMLCorePlugin) is not signed!
[23:25:51] [main/INFO] [FML]: Loading tweaker org.spongepowered.asm.launch.MixinTweaker from DynamicSurroundings-1.12.2-3.6.0.2.jar
[23:25:51] [main/WARN] [FML]: Found FMLCorePluginContainsFMLMod marker in Farseek-1.12-2.4.jar. This is not recommended, @Mods should be in a separate jar from the coremod.
[23:25:51] [main/WARN] [FML]: The coremod farseek.core.FarseekCoreMod does not have a MCVersion annotation, it may cause issues with this version of Minecraft
[23:25:51] [main/WARN] [FML]: The coremod FarseekCoreMod (farseek.core.FarseekCoreMod) is not signed!
[23:25:51] [main/WARN] [FML]: Found FMLCorePluginContainsFMLMod marker in Forgelin-1.8.4.jar. This is not recommended, @Mods should be in a separate jar from the coremod.
[23:25:51] [main/WARN] [FML]: The coremod net.shadowfacts.forgelin.preloader.ForgelinPlugin does not have a MCVersion annotation, it may cause issues with this version of Minecraft
[23:25:51] [main/WARN] [FML]: The coremod ForgelinPlugin (net.shadowfacts.forgelin.preloader.ForgelinPlugin) is not signed!
[23:25:51] [main/WARN] [FML]: Found FMLCorePluginContainsFMLMod marker in InventoryTweaks-1.63.jar. This is not recommended, @Mods should be in a separate jar from the coremod.
[23:25:51] [main/WARN] [FML]: The coremod invtweaks.forge.asm.FMLPlugin does not have a MCVersion annotation, it may cause issues with this version of Minecraft
[23:25:51] [main/WARN] [FML]: The coremod ivorius.ivtoolkit.IvToolkitLoadingPlugin does not have a MCVersion annotation, it may cause issues with this version of Minecraft
[23:25:51] [main/WARN] [FML]: The coremod IvToolkit (ivorius.ivtoolkit.IvToolkitLoadingPlugin) is not signed!
[23:25:51] [main/INFO] [FML]: Loading tweaker org.spongepowered.asm.launch.MixinTweaker from malisiscore-1.12.2-6.5.1.jar
[23:25:51] [main/WARN] [FML]: Found FMLCorePluginContainsFMLMod marker in Mekanism-1.12.2-9.8.3.390.jar. This is not recommended, @Mods should be in a separate jar from the coremod.
[23:25:51] [main/WARN] [FML]: The coremod mekanism.coremod.MekanismCoremod does not have a MCVersion annotation, it may cause issues with this version of Minecraft
[23:25:51] [main/WARN] [FML]: The coremod MekanismCoremod (mekanism.coremod.MekanismCoremod) is not signed!
[23:25:51] [main/WARN] [FML]: Found FMLCorePluginContainsFMLMod marker in Quark-r1.6-177.jar. This is not recommended, @Mods should be in a separate jar from the coremod.
[23:25:51] [main/WARN] [FML]: The coremod Quark Plugin (vazkii.quark.base.asm.LoadingPlugin) is not signed!
[23:25:51] [main/WARN] [FML]: Found FMLCorePluginContainsFMLMod marker in SereneSeasons-1.12.2-1.2.18-universal.jar. This is not recommended, @Mods should be in a separate jar from the coremod.
[23:25:51] [main/WARN] [FML]: The coremod sereneseasons.asm.SSLoadingPlugin does not have a MCVersion annotation, it may cause issues with this version of Minecraft
[23:25:51] [main/WARN] [FML]: The coremod SSLoadingPlugin (sereneseasons.asm.SSLoadingPlugin) is not signed!
[23:25:51] [main/WARN] [FML]: The coremod blusunrize.immersiveengineering.common.asm.IELoadingPlugin does not have a MCVersion annotation, it may cause issues with this version of Minecraft
[23:25:51] [main/INFO] [LaunchWrapper]: Loading tweak class name net.minecraftforge.fml.common.launcher.FMLInjectionAndSortingTweaker
[23:25:51] [main/INFO] [LaunchWrapper]: Loading tweak class name org.spongepowered.asm.launch.MixinTweaker
[23:25:51] [main/INFO] [mixin]: SpongePowered MIXIN Subsystem Version=0.7.11 Source=file:/D:/MultiMC/MultiMC/instances/Dynamic%20Understanding-1.0.0/.minecraft/mods/DynamicSurroundings-1.12.2-3.6.0.2.jar Service=LaunchWrapper Env=CLIENT
[23:25:51] [main/INFO] [mixin]: Compatibility level set to JAVA_8
[23:25:51] [main/WARN] [FML]: The coremod net.malisis.core.asm.MalisisCorePlugin does not have a MCVersion annotation, it may cause issues with this version of Minecraft
[23:25:51] [main/WARN] [FML]: The coremod MalisisCorePlugin (net.malisis.core.asm.MalisisCorePlugin) is not signed!
[23:25:51] [main/WARN] [LaunchWrapper]: Tweak class name org.spongepowered.asm.launch.MixinTweaker has already been visited -- skipping
[23:25:51] [main/INFO] [LaunchWrapper]: Loading tweak class name net.minecraftforge.fml.common.launcher.FMLDeobfTweaker
[23:25:51] [main/INFO] [LaunchWrapper]: Calling tweak class net.minecraftforge.fml.common.launcher.FMLInjectionAndSortingTweaker
[23:25:51] [main/INFO] [LaunchWrapper]: Calling tweak class net.minecraftforge.fml.common.launcher.FMLInjectionAndSortingTweaker
[23:25:51] [main/INFO] [LaunchWrapper]: Calling tweak class net.minecraftforge.fml.relauncher.CoreModManager$FMLPluginWrapper
[23:25:53] [main/INFO] [FML]: Found valid fingerprint for Minecraft. Certificate fingerprint cd99959656f753dc28d863b46769f7f8fbaefcfc
[23:25:53] [main/ERROR] [FML]: FML appears to be missing any signature data. This is not a good thing
[23:25:53] [main/INFO] [LaunchWrapper]: Calling tweak class net.minecraftforge.fml.relauncher.CoreModManager$FMLPluginWrapper
[23:25:53] [main/INFO] [LaunchWrapper]: Calling tweak class net.minecraftforge.fml.relauncher.CoreModManager$FMLPluginWrapper
[23:25:53] [main/INFO] [LaunchWrapper]: Calling tweak class net.minecraftforge.fml.relauncher.CoreModManager$FMLPluginWrapper
[23:25:53] [main/INFO] [LaunchWrapper]: Calling tweak class net.minecraftforge.fml.relauncher.CoreModManager$FMLPluginWrapper
[23:25:53] [main/INFO] [LaunchWrapper]: Calling tweak class net.minecraftforge.fml.relauncher.CoreModManager$FMLPluginWrapper
[23:25:53] [main/INFO] [LaunchWrapper]: Calling tweak class org.spongepowered.asm.launch.MixinTweaker
[23:25:53] [main/INFO] [mixin]: Initialised Mixin FML Remapper Adapter with net.minecraftforge.fml.common.asm.transformers.deobf.FMLDeobfuscatingRemapper@640dc4c6
[23:25:53] [main/INFO] [LaunchWrapper]: Calling tweak class net.minecraftforge.fml.common.launcher.FMLDeobfTweaker
[23:25:53] [main/INFO] [Astral Core]: [AstralTransformer] Loading patches...
[23:25:53] [main/INFO] [Astral Core]: [AstralTransformer] Found 0 Transformers! Trying to recover with direct references...
[23:25:53] [main/INFO] [Astral Core]: [AstralTransformer] Initialized! Loaded 14 class patches!
[23:25:54] [main/INFO] [LaunchWrapper]: Calling tweak class net.minecraftforge.fml.relauncher.CoreModManager$FMLPluginWrapper
[23:25:54] [main/INFO] [LaunchWrapper]: Calling tweak class net.minecraftforge.fml.relauncher.CoreModManager$FMLPluginWrapper
[23:25:54] [main/INFO] [LaunchWrapper]: Calling tweak class net.minecraftforge.fml.relauncher.CoreModManager$FMLPluginWrapper
[23:25:54] [main/INFO] [LaunchWrapper]: Calling tweak class net.minecraftforge.fml.relauncher.CoreModManager$FMLPluginWrapper
[23:25:54] [main/INFO] [LaunchWrapper]: Calling tweak class net.minecraftforge.fml.relauncher.CoreModManager$FMLPluginWrapper
[23:25:54] [main/INFO] [LaunchWrapper]: Calling tweak class net.minecraftforge.fml.relauncher.CoreModManager$FMLPluginWrapper
[23:25:54] [main/INFO] [LaunchWrapper]: Calling tweak class net.minecraftforge.fml.relauncher.CoreModManager$FMLPluginWrapper
[23:25:54] [main/INFO] [net.minecraft]: [farseek] Moving Farseek transformer after Sponge proxy
[23:25:54] [main/INFO] [net.minecraft]: [farseek] Excluding Farseek transformer from Sponge pre-mixin transformations
[23:25:54] [main/INFO] [net.minecraft]: [farseek] Re-enabling transformations on Sponge TrackingUtil
[23:25:54] [main/INFO] [LaunchWrapper]: Calling tweak class net.minecraftforge.fml.relauncher.CoreModManager$FMLPluginWrapper
[23:25:54] [main/INFO] [LaunchWrapper]: Calling tweak class net.minecraftforge.fml.relauncher.CoreModManager$FMLPluginWrapper
[23:25:54] [main/INFO] [LaunchWrapper]: Calling tweak class net.minecraftforge.fml.relauncher.CoreModManager$FMLPluginWrapper
[23:25:54] [main/INFO] [LaunchWrapper]: Loading tweak class name net.minecraftforge.fml.common.launcher.TerminalTweaker
[23:25:54] [main/INFO] [LaunchWrapper]: Loading tweak class name org.spongepowered.asm.mixin.EnvironmentStateTweaker
[23:25:54] [main/INFO] [LaunchWrapper]: Calling tweak class net.minecraftforge.fml.common.launcher.TerminalTweaker
[23:25:54] [main/INFO] [LaunchWrapper]: Calling tweak class org.spongepowered.asm.mixin.EnvironmentStateTweaker
[23:25:54] [main/INFO] [Apotheosis : Core]: Transforming Item...
[23:25:54] [main/INFO] [Apotheosis : Core]: Successfully transformed Item
[23:25:54] [main/INFO] [mixin]: A re-entrant transformer '$wrapper.sereneseasons.asm.transformer.EntityRendererTransformer' was detected and will no longer process meta class data
[23:25:54] [main/INFO] [Astral Core]: [AstralTransformer] Transforming buq : net.minecraft.client.renderer.EntityRenderer with 1 patches!
[23:25:54] [main/INFO] [Astral Core]: [AstralTransformer] Applied patch PATCHENTITYRENDEREREXTENDEDENTITYREACH
[23:25:54] [main/INFO] [Quark ASM]: Transforming net.minecraft.client.renderer.EntityRenderer
[23:25:54] [main/INFO] [Quark ASM]: Applying Transformation to method (Names [renderWorldPass, func_175068_a] Descriptor (IFJ)V)
[23:25:54] [main/INFO] [Quark ASM]: Located Method, patching...
[23:25:54] [main/INFO] [Quark ASM]: Located patch target node INVOKESPECIAL net/minecraft/client/renderer/EntityRenderer.func_78479_a (FI)V
[23:25:54] [main/INFO] [Quark ASM]: Patch result: true
[23:25:54] [main/INFO] [STDOUT]: [atomicstryker.dynamiclights.common.DLTransformer:handleWorldTransform:80]: **************** Dynamic Lights transform running on World, obf: true *********************** 
[23:25:54] [main/INFO] [STDOUT]: [atomicstryker.dynamiclights.common.DLTransformer:handleWorldTransform:91]: In target method a:(Let;Lana;)I, Patching!
[23:25:54] [main/INFO] [STDOUT]: [atomicstryker.dynamiclights.common.DLTransformer:handleWorldTransform:148]: Found ASTORE Node at index 19, is writing variable number: 3
[23:25:54] [main/INFO] [Astral Core]: [AstralTransformer] Transforming amu : net.minecraft.world.World with 2 patches!
[23:25:54] [main/INFO] [Astral Core]: [AstralTransformer] Applied patch PATCHSUNBRIGHTNESSWORLDCLIENT
[23:25:54] [main/INFO] [Astral Core]: [AstralTransformer] Applied patch PATCHSUNBRIGHTNESSWORLDCOMMON
[23:25:54] [main/INFO] [Quark ASM]: Transforming net.minecraft.world.WorldServer
[23:25:55] [main/INFO] [Quark ASM]: Applying Transformation to method (Names [areAllPlayersAsleep, func_73056_e] Descriptor ()Z)
[23:25:55] [main/INFO] [Quark ASM]: Located Method, patching...
[23:25:55] [main/INFO] [Quark ASM]: Patch result: true
[23:25:55] [main/INFO] [Quark ASM]: Applying Transformation to method (Names [wakeAllPlayers, func_73053_d] Descriptor ()V)
[23:25:55] [main/INFO] [Quark ASM]: Located Method, patching...
[23:25:55] [main/INFO] [Quark ASM]: Patch result: true
[23:25:55] [main/INFO] [Astral Core]: [AstralTransformer] Transforming pa : net.minecraft.network.NetHandlerPlayServer with 1 patches!
[23:25:55] [main/INFO] [Astral Core]: [AstralTransformer] Applied patch PATCHSERVEREXTENDENTITYINTERACTREACH
[23:25:55] [main/INFO] [STDOUT]: [team.chisel.ctm.client.asm.CTMTransformer:preTransform:230]: Transforming Class [net.minecraft.client.renderer.texture.TextureMap], Method [registerSprite]
[23:25:55] [main/INFO] [STDOUT]: [team.chisel.ctm.client.asm.CTMTransformer:finishTransform:242]: Transforming net.minecraft.client.renderer.texture.TextureMap Finished.
[23:25:55] [main/INFO] [Quark ASM]: Transforming net.minecraft.client.renderer.RenderItem
[23:25:55] [main/INFO] [Quark ASM]: Applying Transformation to method (Names [renderItem, func_180454_a] Descriptor (Lnet/minecraft/item/ItemStack;Lnet/minecraft/client/renderer/block/model/IBakedModel;)V)
[23:25:55] [main/INFO] [Quark ASM]: Located Method, patching...
[23:25:55] [main/INFO] [Quark ASM]: Patch result: true
[23:25:55] [main/INFO] [Quark ASM]: Applying Transformation to method (Names [renderEffect, func_191966_a] Descriptor (Lnet/minecraft/client/renderer/block/model/IBakedModel;)V)
[23:25:55] [main/INFO] [Quark ASM]: Located Method, patching...
[23:25:55] [main/INFO] [Quark ASM]: Located patch target node LDC -8372020
[23:25:55] [main/INFO] [Quark ASM]: Located patch target node LDC -8372020
[23:25:55] [main/INFO] [Quark ASM]: Patch result: true
[23:25:55] [main/INFO] [mixin]: A re-entrant transformer '$wrapper.vazkii.quark.base.asm.ClassTransformer' was detected and will no longer process meta class data
[23:25:55] [main/INFO] [EnderCore ASM]: Transforming Class [net.minecraft.client.renderer.RenderItem], Method [func_180453_a, func_184391_a]
[23:25:55] [main/INFO] [EnderCore ASM]: Transforming net.minecraft.client.renderer.RenderItem Finished.
[23:25:55] [main/INFO] [LaunchWrapper]: Launching wrapped minecraft {net.minecraft.client.main.Main}
[23:25:55] [main/INFO] [STDOUT]: [atomicstryker.dynamiclights.common.DLTransformer:handleWorldTransform:80]: **************** Dynamic Lights transform running on World, obf: true *********************** 
[23:25:55] [main/INFO] [STDOUT]: [atomicstryker.dynamiclights.common.DLTransformer:handleWorldTransform:91]: In target method a:(Let;Lana;)I, Patching!
[23:25:55] [main/INFO] [STDOUT]: [atomicstryker.dynamiclights.common.DLTransformer:handleWorldTransform:148]: Found ASTORE Node at index 19, is writing variable number: 3
[23:25:55] [main/INFO] [Astral Core]: [AstralTransformer] Transforming amu : net.minecraft.world.World with 2 patches!
[23:25:55] [main/INFO] [Astral Core]: [AstralTransformer] Applied patch PATCHSUNBRIGHTNESSWORLDCLIENT
[23:25:55] [main/INFO] [Astral Core]: [AstralTransformer] Applied patch PATCHSUNBRIGHTNESSWORLDCOMMON
[23:25:55] [main/INFO] [STDOUT]: [team.chisel.ctm.client.asm.CTMTransformer:preTransform:230]: Transforming Class [net.minecraft.block.Block], Method [getExtendedState]
[23:25:55] [main/INFO] [STDOUT]: [team.chisel.ctm.client.asm.CTMTransformer:finishTransform:242]: Transforming net.minecraft.block.Block Finished.
[23:25:55] [main/INFO] [mods.betterfoliage.loader.BetterFoliageTransformer]: Found method net.minecraft.client.multiplayer.WorldClient.func_184153_a (IIIILjava/util/Random;ZLnet/minecraft/util/math/BlockPos$MutableBlockPos;)V (matching showBarrierParticles)
[23:25:55] [main/INFO] [mods.betterfoliage.loader.BetterFoliageTransformer]: [BetterFoliageLoader] Applying random display tick call hook
[23:25:55] [main/INFO] [Quark ASM]: Transforming net.minecraft.entity.Entity
[23:25:55] [main/INFO] [Quark ASM]: Applying Transformation to method (Names [move, func_70091_d] Descriptor (Lnet/minecraft/entity/MoverType;DDD)V)
[23:25:55] [main/INFO] [Quark ASM]: Located Method, patching...
[23:25:55] [main/INFO] [Quark ASM]: Patch result: true
[23:25:55] [main/INFO] [Quark ASM]: Located Method, patching...
[23:25:55] [main/INFO] [Quark ASM]: Located patch target node INVOKEVIRTUAL net/minecraft/entity/Entity.func_145775_I ()V
[23:25:55] [main/INFO] [Quark ASM]: Patch result: true
[23:25:55] [main/INFO] [Quark ASM]: Applying Transformation to method (Names [onEntityUpdate, func_70030_z] Descriptor ()V)
[23:25:55] [main/INFO] [Quark ASM]: Located Method, patching...
[23:25:55] [main/INFO] [Quark ASM]: Patch result: true
[23:25:55] [main/INFO] [EnderCore ASM]: Transforming net.minecraft.entity.player.EntityPlayer finished, added func_184613_cA() overriding EntityLivingBase
[23:25:55] [main/INFO] [Astral Core]: [AstralTransformer] Transforming vp : net.minecraft.entity.EntityLivingBase with 4 patches!
[23:25:55] [main/INFO] [Astral Core]: [AstralTransformer] Applied patch PATCHAPPLYPOTIONEFFECTEVENT
[23:25:55] [main/INFO] [Astral Core]: [AstralTransformer] Applied patch PATCHUPDATEELYTRA
[23:25:55] [main/INFO] [Astral Core]: [AstralTransformer] Applied patch PATCHENTITYLIVINGBASEWATERSLOWDOWN
[23:25:55] [main/INFO] [Astral Core]: [AstralTransformer] Applied patch PATCHSETPLAYERATTRIBUTE
[23:25:55] [main/INFO] [Apotheosis : Core]: Transforming EntityLivingBase...
[23:25:55] [main/INFO] [Apotheosis : Core]: Successfully transformed EntityLivingBase
[23:25:55] [main/INFO] [EnderCore ASM]: Transforming net.minecraft.entity.player.EntityPlayer finished, added func_184613_cA() overriding EntityLivingBase
[23:25:55] [main/INFO] [Astral Core]: [AstralTransformer] Transforming vp : net.minecraft.entity.EntityLivingBase with 4 patches!
[23:25:55] [main/INFO] [Astral Core]: [AstralTransformer] Applied patch PATCHAPPLYPOTIONEFFECTEVENT
[23:25:55] [main/INFO] [Astral Core]: [AstralTransformer] Applied patch PATCHUPDATEELYTRA
[23:25:55] [main/INFO] [Astral Core]: [AstralTransformer] Applied patch PATCHENTITYLIVINGBASEWATERSLOWDOWN
[23:25:55] [main/INFO] [Astral Core]: [AstralTransformer] Applied patch PATCHSETPLAYERATTRIBUTE
[23:25:55] [main/INFO] [Apotheosis : Core]: Transforming EntityLivingBase...
[23:25:55] [main/INFO] [Apotheosis : Core]: Successfully transformed EntityLivingBase
[23:25:55] [main/INFO] [Quark ASM]: Transforming net.minecraft.client.gui.inventory.GuiContainer
[23:25:55] [main/INFO] [Quark ASM]: Applying Transformation to method (Names [drawScreen, func_73863_a] Descriptor (IIF)V)
[23:25:55] [main/INFO] [Quark ASM]: Located Method, patching...
[23:25:55] [main/INFO] [Quark ASM]: Located patch target node INVOKEVIRTUAL net/minecraft/client/gui/inventory/GuiContainer.func_146979_b (II)V
[23:25:55] [main/INFO] [Quark ASM]: Patch result: true
[23:25:55] [main/INFO] [Quark ASM]: Transforming net.minecraft.world.WorldServer
[23:25:55] [main/INFO] [Quark ASM]: Applying Transformation to method (Names [areAllPlayersAsleep, func_73056_e] Descriptor ()Z)
[23:25:55] [main/INFO] [Quark ASM]: Located Method, patching...
[23:25:55] [main/INFO] [Quark ASM]: Patch result: true
[23:25:55] [main/INFO] [Quark ASM]: Applying Transformation to method (Names [wakeAllPlayers, func_73053_d] Descriptor ()V)
[23:25:55] [main/INFO] [Quark ASM]: Located Method, patching...
[23:25:55] [main/INFO] [Quark ASM]: Patch result: true
[23:25:56] [main/INFO] [STDOUT]: [team.chisel.ctm.client.asm.CTMTransformer:preTransform:230]: Transforming Class [net.minecraftforge.client.ForgeHooksClient], Method [getDamageModel]
[23:25:56] [main/INFO] [STDOUT]: [team.chisel.ctm.client.asm.CTMTransformer:finishTransform:242]: Transforming net.minecraftforge.client.ForgeHooksClient Finished.
[23:25:56] [Client thread/INFO] [net.minecraft.client.Minecraft]: Setting user: SeavinPrime
[23:25:56] [Client thread/INFO] [STDOUT]: [team.chisel.ctm.client.asm.CTMTransformer:preTransform:230]: Transforming Class [net.minecraft.block.Block], Method [getExtendedState]
[23:25:56] [Client thread/INFO] [STDOUT]: [team.chisel.ctm.client.asm.CTMTransformer:finishTransform:242]: Transforming net.minecraft.block.Block Finished.
[23:25:56] [Client thread/INFO] [Apotheosis : Core]: Transforming Item...
[23:25:56] [Client thread/INFO] [Apotheosis : Core]: Successfully transformed Item
[23:25:56] [Client thread/INFO] [Quark ASM]: Transforming net.minecraft.enchantment.Enchantment
[23:25:56] [Client thread/INFO] [Quark ASM]: Applying Transformation to method (Names [canApply, func_92089_a] Descriptor (Lnet/minecraft/item/ItemStack;)Z)
[23:25:56] [Client thread/INFO] [Quark ASM]: Located Method, patching...
[23:25:56] [Client thread/INFO] [Quark ASM]: Located patch target node IRETURN
[23:25:56] [Client thread/INFO] [Quark ASM]: Patch result: true
[23:25:56] [Client thread/INFO] [Quark ASM]: Transforming net.minecraft.entity.item.EntityItem
[23:25:56] [Client thread/INFO] [Quark ASM]: Applying Transformation to method (Names [onUpdate, func_70071_h_] Descriptor ()V)
[23:25:56] [Client thread/INFO] [Quark ASM]: Located Method, patching...
[23:25:56] [Client thread/INFO] [Quark ASM]: Patch result: true
[23:25:56] [Client thread/INFO] [mods.betterfoliage.loader.BetterFoliageTransformer]: Found method net.minecraft.block.state.BlockStateContainer$StateImplementation.func_185892_j ()F (matching getAmbientOcclusionLightValue)
[23:25:56] [Client thread/INFO] [mods.betterfoliage.loader.BetterFoliageTransformer]: [BetterFoliageLoader] Applying getAmbientOcclusionLightValue() override
[23:25:56] [Client thread/INFO] [mods.betterfoliage.loader.BetterFoliageTransformer]: Found method net.minecraft.block.state.BlockStateContainer$StateImplementation.func_185916_f ()Z (matching useNeighborBrightness)
[23:25:56] [Client thread/INFO] [mods.betterfoliage.loader.BetterFoliageTransformer]: [BetterFoliageLoader] Applying useNeighborBrightness() override
[23:25:56] [Client thread/INFO] [mods.betterfoliage.loader.BetterFoliageTransformer]: Found method net.minecraft.block.state.BlockStateContainer$StateImplementation.doesSideBlockRendering (Lnet/minecraft/world/IBlockAccess;Lnet/minecraft/util/math/BlockPos;Lnet/minecraft/util/EnumFacing;)Z
[23:25:56] [Client thread/INFO] [mods.betterfoliage.loader.BetterFoliageTransformer]: [BetterFoliageLoader] Applying doesSideBlockRendering() override
[23:25:56] [Client thread/INFO] [mods.betterfoliage.loader.BetterFoliageTransformer]: Found method net.minecraft.block.state.BlockStateContainer$StateImplementation.func_185914_p ()Z (matching isOpaqueCube)
[23:25:56] [Client thread/INFO] [mods.betterfoliage.loader.BetterFoliageTransformer]: [BetterFoliageLoader] Applying isOpaqueCube() override
[23:25:56] [Client thread/INFO] [Astral Core]: [AstralTransformer] Transforming aip : net.minecraft.item.ItemStack with 2 patches!
[23:25:56] [Client thread/INFO] [Astral Core]: [AstralTransformer] Applied patch PATCHMODIFYENCHANTMENTLEVELSTOOLTIP
[23:25:56] [Client thread/INFO] [Astral Core]: [AstralTransformer] Applied patch PATCHMODIFYENCHANTMENTLEVELSTOOLTIPEVENT
[23:25:56] [Client thread/INFO] [Quark ASM]: Transforming net.minecraft.item.ItemStack
[23:25:56] [Client thread/INFO] [Quark ASM]: Applying Transformation to method (Names [getTextComponent, func_151000_E] Descriptor ()Lnet/minecraft/util/text/ITextComponent;)
[23:25:56] [Client thread/INFO] [Quark ASM]: Located Method, patching...
[23:25:56] [Client thread/INFO] [Quark ASM]: Located patch target node ARETURN
[23:25:56] [Client thread/INFO] [Quark ASM]: Patch result: true
[23:25:56] [Client thread/INFO] [Quark ASM]: Transforming net.minecraft.block.BlockDynamicLiquid
[23:25:56] [Client thread/INFO] [Quark ASM]: Applying Transformation to method (Names [isBlocked, func_176372_g] Descriptor (Lnet/minecraft/world/World;Lnet/minecraft/util/math/BlockPos;Lnet/minecraft/block/state/IBlockState;)Z)
[23:25:56] [Client thread/INFO] [Quark ASM]: Located Method, patching...
[23:25:56] [Client thread/INFO] [Quark ASM]: Located patch target node IRETURN
[23:25:56] [Client thread/INFO] [Quark ASM]: Located patch target node IRETURN
[23:25:56] [Client thread/INFO] [Quark ASM]: Patch result: true
[23:25:56] [Client thread/INFO] [Apotheosis : Core]: Transforming BlockBed...
[23:25:56] [Client thread/INFO] [Apotheosis : Core]: Successfully transformed BlockBed
[23:25:56] [Client thread/INFO] [Quark ASM]: Transforming net.minecraft.block.BlockPistonBase
[23:25:56] [Client thread/INFO] [Quark ASM]: Applying Transformation to method (Names [canPush, func_185646_a] Descriptor (Lnet/minecraft/block/state/IBlockState;Lnet/minecraft/world/World;Lnet/minecraft/util/math/BlockPos;Lnet/minecraft/util/EnumFacing;ZLnet/minecraft/util/EnumFacing;)Z)
[23:25:56] [Client thread/INFO] [Quark ASM]: Located Method, patching...
[23:25:56] [Client thread/INFO] [Quark ASM]: Located patch target node INVOKEVIRTUAL net/minecraft/block/Block.hasTileEntity (Lnet/minecraft/block/state/IBlockState;)Z
[23:25:56] [Client thread/INFO] [Quark ASM]: Patch result: true
[23:25:56] [Client thread/INFO] [Quark ASM]: Applying Transformation to method (Names [doMove, func_176319_a] Descriptor (Lnet/minecraft/world/World;Lnet/minecraft/util/math/BlockPos;Lnet/minecraft/util/EnumFacing;Z)Z)
[23:25:56] [Client thread/INFO] [Quark ASM]: Located Method, patching...
[23:25:56] [Client thread/INFO] [Quark ASM]: Located patch target node INVOKEVIRTUAL net/minecraft/block/state/BlockPistonStructureHelper.func_177254_c ()Ljava/util/List;
[23:25:56] [Client thread/INFO] [Quark ASM]: Patch result: true
[23:25:56] [Client thread/INFO] [Quark ASM]: Applying Transformation to method (Names [doMove, func_176319_a] Descriptor (Lnet/minecraft/world/World;Lnet/minecraft/util/math/BlockPos;Lnet/minecraft/util/EnumFacing;Z)Z)
[23:25:56] [Client thread/INFO] [Quark ASM]: Located Method, patching...
[23:25:56] [Client thread/INFO] [Quark ASM]: Located patch target node INVOKESPECIAL net/minecraft/block/state/BlockPistonStructureHelper.<init> (Lnet/minecraft/world/World;Lnet/minecraft/util/math/BlockPos;Lnet/minecraft/util/EnumFacing;Z)V
[23:25:56] [Client thread/INFO] [Quark ASM]: Patch result: true
[23:25:56] [Client thread/INFO] [Quark ASM]: Applying Transformation to method (Names [checkForMove, func_176316_e] Descriptor (Lnet/minecraft/world/World;Lnet/minecraft/util/math/BlockPos;Lnet/minecraft/block/state/IBlockState;)V)
[23:25:56] [Client thread/INFO] [Quark ASM]: Located Method, patching...
[23:25:56] [Client thread/INFO] [Quark ASM]: Located patch target node INVOKESPECIAL net/minecraft/block/state/BlockPistonStructureHelper.<init> (Lnet/minecraft/world/World;Lnet/minecraft/util/math/BlockPos;Lnet/minecraft/util/EnumFacing;Z)V
[23:25:56] [Client thread/INFO] [Quark ASM]: Patch result: true
[23:25:56] [Client thread/INFO] [Quark ASM]: Transforming net.minecraft.tileentity.TileEntityPiston
[23:25:56] [Client thread/INFO] [Quark ASM]: Applying Transformation to method (Names [update, func_73660_a] Descriptor ()V)
[23:25:56] [Client thread/INFO] [Quark ASM]: Located Method, patching...
[23:25:56] [Client thread/INFO] [Quark ASM]: Patch result: true
[23:25:56] [Client thread/INFO] [Quark ASM]: Applying Transformation to method (Names [clearPistonTileEntity, func_145866_f] Descriptor ()V)
[23:25:56] [Client thread/INFO] [Quark ASM]: Located Method, patching...
[23:25:56] [Client thread/INFO] [Quark ASM]: Located patch target node INVOKEVIRTUAL net/minecraft/world/World.func_180501_a (Lnet/minecraft/util/math/BlockPos;Lnet/minecraft/block/state/IBlockState;I)Z
[23:25:56] [Client thread/INFO] [Quark ASM]: Patch result: true
[23:25:56] [Client thread/INFO] [Quark ASM]: Applying Transformation to method (Names [update, func_73660_a] Descriptor ()V)
[23:25:56] [Client thread/INFO] [Quark ASM]: Located Method, patching...
[23:25:56] [Client thread/INFO] [Quark ASM]: Located patch target node INVOKEVIRTUAL net/minecraft/world/World.func_180501_a (Lnet/minecraft/util/math/BlockPos;Lnet/minecraft/block/state/IBlockState;I)Z
[23:25:56] [Client thread/INFO] [Quark ASM]: Patch result: true
[23:25:57] [Client thread/INFO] [Apotheosis : Core]: Transforming SharedMonsterAttributes...
[23:25:57] [Client thread/INFO] [Apotheosis : Core]: Successfully transformed SharedMonsterAttributes
[23:25:57] [Client thread/INFO] [Quark ASM]: Transforming net.minecraft.enchantment.EnchantmentDamage
[23:25:57] [Client thread/INFO] [Quark ASM]: Applying Transformation to method (Names [canApply, func_92089_a] Descriptor (Lnet/minecraft/item/ItemStack;)Z)
[23:25:57] [Client thread/INFO] [Quark ASM]: Located Method, patching...
[23:25:57] [Client thread/INFO] [Quark ASM]: Located patch target node IRETURN
[23:25:57] [Client thread/INFO] [Quark ASM]: Located patch target node IRETURN
[23:25:57] [Client thread/INFO] [Quark ASM]: Patch result: true
[23:25:57] [Client thread/INFO] [Astral Core]: [AstralTransformer] Transforming aip : net.minecraft.item.ItemStack with 2 patches!
[23:25:57] [Client thread/INFO] [Astral Core]: [AstralTransformer] Applied patch PATCHMODIFYENCHANTMENTLEVELSTOOLTIP
[23:25:57] [Client thread/INFO] [Astral Core]: [AstralTransformer] Applied patch PATCHMODIFYENCHANTMENTLEVELSTOOLTIPEVENT
[23:25:58] [Client thread/INFO] [Apotheosis : Core]: Transforming ItemArrow...
[23:25:58] [Client thread/INFO] [Apotheosis : Core]: Successfully transformed ItemArrow
[23:25:58] [Client thread/INFO] [Quark ASM]: Transforming net.minecraft.entity.item.EntityMinecart
[23:25:58] [Client thread/INFO] [Quark ASM]: Applying Transformation to method (Names [killMinecart, func_94095_a] Descriptor (Lnet/minecraft/util/DamageSource;)V)
[23:25:58] [Client thread/INFO] [Quark ASM]: Located Method, patching...
[23:25:58] [Client thread/INFO] [Quark ASM]: Located patch target node INVOKEVIRTUAL net/minecraft/entity/item/EntityMinecart.func_70099_a (Lnet/minecraft/item/ItemStack;F)Lnet/minecraft/entity/item/EntityItem;
[23:25:58] [Client thread/INFO] [Quark ASM]: Patch result: true
[23:25:58] [Client thread/INFO] [Quark ASM]: Transforming net.minecraft.entity.item.EntityBoat
[23:25:58] [Client thread/INFO] [Quark ASM]: Applying Transformation to method (Names [attackEntityFrom, func_70097_a] Descriptor (Lnet/minecraft/util/DamageSource;F)Z)
[23:25:58] [Client thread/INFO] [Quark ASM]: Located Method, patching...
[23:25:58] [Client thread/INFO] [Quark ASM]: Located patch target node INVOKEVIRTUAL net/minecraft/entity/item/EntityBoat.func_145778_a (Lnet/minecraft/item/Item;IF)Lnet/minecraft/entity/item/EntityItem;
[23:25:58] [Client thread/INFO] [Quark ASM]: Patch result: true
[23:25:58] [Client thread/INFO] [Apotheosis : Core]: Transforming PotionEffect...
[23:25:58] [Client thread/INFO] [Apotheosis : Core]: Successfully transformed PotionEffect
[23:25:58] [Client thread/INFO] [Quark ASM]: Transforming net.minecraft.item.ItemBanner
[23:25:58] [Client thread/INFO] [Quark ASM]: Applying Transformation to method (Names [appendHoverTextFromTileEntityTag, func_185054_a] Descriptor (Lnet/minecraft/item/ItemStack;Ljava/util/List;)V)
[23:25:58] [Client thread/INFO] [Quark ASM]: Located Method, patching...
[23:25:58] [Client thread/INFO] [Quark ASM]: Located patch target node BIPUSH 6
[23:25:58] [Client thread/INFO] [Quark ASM]: Patch result: true
[23:25:58] [Client thread/INFO] [Astral Core]: [AstralTransformer] Transforming wg : net.minecraft.entity.ai.attributes.AbstractAttributeMap with 1 patches!
[23:25:58] [Client thread/INFO] [Astral Core]: [AstralTransformer] Applied patch PATCHADDPLAYERATTRIBUTE
[23:25:58] [Client thread/INFO] [Quark ASM]: Transforming net.minecraft.entity.ai.EntityAITarget
[23:25:58] [Client thread/INFO] [Quark ASM]: Applying Transformation to method (Names [isSuitableTarget, func_179445_a] Descriptor (Lnet/minecraft/entity/EntityLiving;Lnet/minecraft/entity/EntityLivingBase;ZZ)Z)
[23:25:58] [Client thread/INFO] [Quark ASM]: Located Method, patching...
[23:25:58] [Client thread/INFO] [Quark ASM]: Patch result: true
[23:25:58] [Client thread/INFO] [EnderCore ASM]: Transforming Class [net.minecraft.entity.ai.EntityAICreeperSwell], Method [func_75246_d]
[23:25:58] [Client thread/INFO] [EnderCore ASM]: Transforming net.minecraft.entity.ai.EntityAICreeperSwell Finished.
[23:25:58] [Client thread/INFO] [Apotheosis : Core]: Transforming EntityAITempt...
[23:25:58] [Client thread/INFO] [Apotheosis : Core]: Successfully transformed EntityAITempt
[23:25:59] [Client thread/INFO] [Quark ASM]: Transforming net.minecraft.item.crafting.RecipesBanners$RecipeAddPattern
[23:25:59] [Client thread/INFO] [Quark ASM]: Applying Transformation to method (Names [matches, func_77569_a] Descriptor (Lnet/minecraft/inventory/InventoryCrafting;Lnet/minecraft/world/World;)Z)
[23:25:59] [Client thread/INFO] [Quark ASM]: Located Method, patching...
[23:25:59] [Client thread/INFO] [Quark ASM]: Located patch target node INVOKESTATIC net/minecraft/tileentity/TileEntityBanner.func_175113_c (Lnet/minecraft/item/ItemStack;)I
[23:25:59] [Client thread/INFO] [Quark ASM]: Patch result: true
[23:25:59] [Client thread/INFO] [Quark ASM]: Transforming net.minecraft.inventory.ContainerMerchant
[23:25:59] [Client thread/INFO] [Quark ASM]: Applying Transformation to method (Names [transferStackInSlot, func_82846_b] Descriptor (Lnet/minecraft/entity/player/EntityPlayer;I)Lnet/minecraft/item/ItemStack;)
[23:25:59] [Client thread/INFO] [Quark ASM]: Located Method, patching...
[23:25:59] [Client thread/INFO] [Quark ASM]: Located patch target node INVOKEVIRTUAL net/minecraft/inventory/ContainerMerchant.func_75135_a (Lnet/minecraft/item/ItemStack;IIZ)Z
[23:25:59] [Client thread/INFO] [Quark ASM]: Located patch target node INVOKEVIRTUAL net/minecraft/inventory/ContainerMerchant.func_75135_a (Lnet/minecraft/item/ItemStack;IIZ)Z
[23:25:59] [Client thread/INFO] [Quark ASM]: Located patch target node INVOKEVIRTUAL net/minecraft/inventory/ContainerMerchant.func_75135_a (Lnet/minecraft/item/ItemStack;IIZ)Z
[23:25:59] [Client thread/INFO] [Quark ASM]: Located patch target node INVOKEVIRTUAL net/minecraft/inventory/ContainerMerchant.func_75135_a (Lnet/minecraft/item/ItemStack;IIZ)Z
[23:25:59] [Client thread/INFO] [Quark ASM]: Patch result: true
[23:25:59] [Client thread/INFO] [EnderCore ASM]: Transforming Class [net.minecraft.inventory.ContainerFurnace], Method [func_82846_b]
[23:25:59] [Client thread/INFO] [EnderCore ASM]: Transforming net.minecraft.inventory.ContainerFurnace Finished.
[23:25:59] [Client thread/INFO] [Apotheosis : Core]: Transforming TileEntityMobSpawner$2...
[23:25:59] [Client thread/INFO] [Apotheosis : Core]: Successfully transformed TileEntityMobSpawner$2
[23:25:59] [Client thread/INFO] [Mekanism KeybindingMigrationHelper]: Patching GameSettings.datafix
[23:25:59] [Client thread/INFO] [net.minecraft.client.Minecraft]: LWJGL Version: 2.9.4
[23:26:00] [Client thread/INFO] [FML]: -- System Details --
Details:
	Minecraft Version: 1.12.2
	Operating System: Windows 10 (amd64) version 10.0
	Java Version: 1.8.0_221, Oracle Corporation
	Java VM Version: Java HotSpot(TM) 64-Bit Server VM (mixed mode), Oracle Corporation
	Memory: 1240174576 bytes (1182 MB) / 1823473664 bytes (1739 MB) up to 7635730432 bytes (7282 MB)
	JVM Flags: 3 total; -XX:HeapDumpPath=MojangTricksIntelDriversForPerformance_javaw.exe_minecraft.exe.heapdump -Xms1024m -Xmx8192m
	IntCache: cache: 0, tcache: 0, allocated: 0, tallocated: 0
	FML: 
	Loaded coremods (and transformers): 
SSLoadingPlugin (SereneSeasons-1.12.2-1.2.18-universal.jar)
  sereneseasons.asm.transformer.EntityRendererTransformer
  sereneseasons.asm.transformer.WorldTransformer
Quark Plugin (Quark-r1.6-177.jar)
  vazkii.quark.base.asm.ClassTransformer
CTMCorePlugin (CTM-MC1.12.2-1.0.1.30.jar)
  team.chisel.ctm.client.asm.CTMTransformer
ForgelinPlugin (Forgelin-1.8.4.jar)
  
MekanismCoremod (Mekanism-1.12.2-9.8.3.390.jar)
  mekanism.coremod.KeybindingMigrationHelper
TransformLoader (DynamicSurroundings-1.12.2-3.6.0.2.jar)
  
EnderCorePlugin (EnderCore-1.12.2-0.5.73-core.jar)
  com.enderio.core.common.transform.EnderCoreTransformer
  com.enderio.core.common.transform.SimpleMixinPatcher
IELoadingPlugin (ImmersiveEngineering-core-0.12-92.jar)
  blusunrize.immersiveengineering.common.asm.IEClassTransformer
AstralCore (astralsorcery-1.12.2-1.10.20.jar)
  
ApotheosisCore (Apotheosis-1.12.2-1.12.4.jar)
  shadows.ApotheosisTransformer
Inventory Tweaks Coremod (InventoryTweaks-1.63.jar)
  invtweaks.forge.asm.ContainerTransformer
MalisisCorePlugin (malisiscore-1.12.2-6.5.1.jar)
  
BetterFoliageLoader (BetterFoliage-MC1.12-2.2.0.jar)
  mods.betterfoliage.loader.BetterFoliageTransformer
FarseekCoreMod (Farseek-1.12-2.4.jar)
  farseek.core.FarseekClassTransformer
IvToolkit (IvToolkit-1.3.3-1.12.jar)
  
DLFMLCorePlugin (DynamicLights-1.12.2.jar)
  atomicstryker.dynamiclights.common.DLTransformer
	GL info: ' Vendor: 'NVIDIA Corporation' Version: '4.6.0 NVIDIA 441.20' Renderer: 'GeForce GTX 1060 with Max-Q Design/PCIe/SSE2'
[23:26:01] [Client thread/INFO] [FML]: MinecraftForge v14.23.5.2847 Initialized
[23:26:01] [Client thread/INFO] [FML]: Starts to replace vanilla recipe ingredients with ore ingredients.
[23:26:01] [Client thread/INFO] [FML]: Invalid recipe found with multiple oredict ingredients in the same ingredient...
[23:26:01] [Client thread/INFO] [FML]: Replaced 1227 ore ingredients
[23:26:01] [Client thread/INFO] [FML]: Searching D:\MultiMC\MultiMC\instances\Dynamic Understanding-1.0.0\.minecraft\mods for mods
[23:26:01] [Client thread/INFO] [FML]: Searching D:\MultiMC\MultiMC\instances\Dynamic Understanding-1.0.0\.minecraft\mods\1.12.2 for mods
[23:26:02] [Client thread/WARN] [FML]: Mod betterfoliage is missing the required element 'version' and a version.properties file could not be found. Falling back to metadata version 2.2.0
[23:26:03] [Client thread/WARN] [FML]: Mod cosmeticarmorreworked is missing the required element 'version' and a version.properties file could not be found. Falling back to metadata version 1.12.2-v4a
[23:26:03] [Client thread/WARN] [FML]: Mod farseek is missing the required element 'version' and a version.properties file could not be found. Falling back to metadata version 2.4
[23:26:04] [Client thread/WARN] [FML]: Mod kleeslabs is missing the required element 'version' and a version.properties file could not be found. Falling back to metadata version 5.4.12
[23:26:04] [Client thread/WARN] [FML]: Mod mekanismgenerators is missing the required element 'version' and a version.properties file could not be found. Falling back to metadata version 1.12.2-9.8.3.390
[23:26:04] [Client thread/WARN] [FML]: Mod mekanismtools is missing the required element 'version' and a version.properties file could not be found. Falling back to metadata version 1.12.2-9.8.3.390
[23:26:04] [Client thread/WARN] [FML]: Mod patchouli is missing the required element 'version' and a version.properties file could not be found. Falling back to metadata version 1.0-20
[23:26:04] [Client thread/WARN] [FML]: Mod streams is missing the required element 'version' and a version.properties file could not be found. Falling back to metadata version 0.4.7
[23:26:05] [Client thread/INFO] [FML]: Forge Mod Loader has identified 105 mods to load
[23:26:05] [Client thread/FATAL] [FML]: net.minecraftforge.fml.common.MissingModsException: Mod conarm (Construct's Armory) requires [tconstruct@[1.12.2-2.13.0.171,)]
[23:26:05] [Client thread/ERROR] [FML]: An exception was thrown, the game will display an error screen and halt.
net.minecraftforge.fml.common.MissingModsException: Mod conarm (Construct's Armory) requires [tconstruct@[1.12.2-2.13.0.171,)]
	at net.minecraftforge.fml.common.Loader.sortModList(Loader.java:266) ~[Loader.class:?]
	at net.minecraftforge.fml.common.Loader.loadMods(Loader.java:572) ~[Loader.class:?]
	at net.minecraftforge.fml.client.FMLClientHandler.beginMinecraftLoading(FMLClientHandler.java:232) [FMLClientHandler.class:?]
	at net.minecraft.client.Minecraft.func_71384_a(Minecraft.java:467) [bib.class:?]
	at net.minecraft.client.Minecraft.func_99999_d(Minecraft.java:378) [bib.class:?]
	at net.minecraft.client.main.Main.main(SourceFile:123) [Main.class:?]
	at sun.reflect.NativeMethodAccessorImpl.invoke0(Native Method) ~[?:1.8.0_221]
	at sun.reflect.NativeMethodAccessorImpl.invoke(Unknown Source) ~[?:1.8.0_221]
	at sun.reflect.DelegatingMethodAccessorImpl.invoke(Unknown Source) ~[?:1.8.0_221]
	at java.lang.reflect.Method.invoke(Unknown Source) ~[?:1.8.0_221]
	at net.minecraft.launchwrapper.Launch.launch(Launch.java:135) [launchwrapper-1.12.jar:?]
	at net.minecraft.launchwrapper.Launch.main(Launch.java:28) [launchwrapper-1.12.jar:?]
	at sun.reflect.NativeMethodAccessorImpl.invoke0(Native Method) ~[?:1.8.0_221]
	at sun.reflect.NativeMethodAccessorImpl.invoke(Unknown Source) ~[?:1.8.0_221]
	at sun.reflect.DelegatingMethodAccessorImpl.invoke(Unknown Source) ~[?:1.8.0_221]
	at java.lang.reflect.Method.invoke(Unknown Source) ~[?:1.8.0_221]
	at org.multimc.onesix.OneSixLauncher.launchWithMainClass(OneSixLauncher.java:196) [NewLaunch.jar:?]
	at org.multimc.onesix.OneSixLauncher.launch(OneSixLauncher.java:231) [NewLaunch.jar:?]
	at org.multimc.EntryPoint.listen(EntryPoint.java:143) [NewLaunch.jar:?]
	at org.multimc.EntryPoint.main(EntryPoint.java:34) [NewLaunch.jar:?]
[23:26:05] [Client thread/WARN] [FML]: EventBus 0 shutting down - future events will not be posted.
[23:26:05] [Client thread/INFO] [net.minecraft.client.resources.SimpleReloadableResourceManager]: Reloading ResourceManager: Default, FMLFileResourcePack:Forge Mod Loader, FMLFileResourcePack:Minecraft Forge, FMLFileResourcePack:Aether Legacy, FMLFileResourcePack:Animania, FMLFileResourcePack:Apotheosis, FMLFileResourcePack:AppleSkin, FMLFileResourcePack:Applied Energistics 2, FMLFileResourcePack:Astral Sorcery, FMLFileResourcePack:AutoRegLib, FMLFileResourcePack:Baubles, FMLFileResourcePack:Better Foliage, FMLFileResourcePack:Biomes O' Plenty, FMLFileResourcePack:Botania, FMLFileResourcePack:Chameleon, FMLFileResourcePack:Chisel, FMLFileResourcePack:Chococraft 3, FMLFileResourcePack:Construct's Armory, FMLFileResourcePack:Controlling, FMLFileResourcePack:Extended Mod Config, FMLFileResourcePack:Extended Renderer, FMLFileResourcePack:CoroUtil Library, FMLFileResourcePack:CosmeticArmorReworked, FMLFileResourcePack:CraftStudio API, FMLFileResourcePack:The Creeping Nether, FMLFileResourcePack:CTM, FMLFileResourcePack:Dooglamoo Worlds, FMLFileResourcePack:Dynamic Lights, FMLFileResourcePack:Dynamic Lights on burning, FMLFileResourcePack:Dynamic Lights on Creepers, FMLFileResourcePack:Dynamic Lights on ItemEntities, FMLFileResourcePack:Dynamic Lights on specified Entities, FMLFileResourcePack:Dynamic Lights on Mob Equipment, FMLFileResourcePack:Dynamic Lights on Flame enchanted Arrows, FMLFileResourcePack:Dynamic Lights Flood Light, FMLFileResourcePack:Dynamic Lights Other Player Light, FMLFileResourcePack:Dynamic Lights Player Light, FMLFileResourcePack:Dynamic Surroundings, FMLFileResourcePack:Dynamic Trees, FMLFileResourcePack:Dynamic Trees BOP, FMLFileResourcePack:EnderCore, FMLFileResourcePack:Ender IO, FMLFileResourcePack:Ender IO Base, FMLFileResourcePack:Ender IO Applied Energistics Conduits, FMLFileResourcePack:Ender IO Open Computers Conduits, FMLFileResourcePack:Ender IO Refined Storage Conduits, FMLFileResourcePack:Ender IO Conduits, FMLFileResourcePack:Ender IO Integration with Forestry, FMLFileResourcePack:Ender IO Integration with Tinkers' Construct, FMLFileResourcePack:Ender IO Integration with Tinkers' Construct, FMLFileResourcePack:Ender IO Machines, FMLFileResourcePack:Ender IO Powertools, FMLFileResourcePack:Farseek, FMLFileResourcePack:Fast Leaf Decay, FMLFileResourcePack:Shadowfacts' Forgelin, FMLFileResourcePack:Gravestone Mod, FMLFileResourcePack:Waila, FMLFileResourcePack:Immersive Petroleum, FMLFileResourcePack:Immersive Tech, FMLFileResourcePack:Infernal Mobs, FMLFileResourcePack:Inventory Tweaks, FMLFileResourcePack:Just Enough Items, FMLFileResourcePack:JourneyMap, FMLFileResourcePack:Just Enough Resources, FMLFileResourcePack:KleeSlabs, FMLFileResourcePack:LibraryEx, FMLFileResourcePack:MalisisCore, FMLFileResourcePack:MalisisDoors, FMLFileResourcePack:Mantle, FMLFileResourcePack:Mekanism, FMLFileResourcePack:Mekanism: Generators, FMLFileResourcePack:Mekanism: Tools, FMLFileResourcePack:Mod Name Tooltip, FMLFileResourcePack:Morpheus, FMLFileResourcePack:Mouse Tweaks, FMLFileResourcePack:NetherEx, FMLFileResourcePack:OreExcavation Integration, FMLFileResourcePack:OreExcavation, FMLFileResourcePack:Patchouli, FMLFileResourcePack:Placebo, FMLFileResourcePack:Quark, FMLFileResourcePack:Recurrent Complex, FMLFileResourcePack:Redstone Flux, FMLFileResourcePack:Serene Seasons, FMLFileResourcePack:Simply Jetpacks 2, FMLFileResourcePack:Magic Kingdoms, FMLFileResourcePack:Sound Filters, FMLFileResourcePack:SwingThroughGrass, FMLFileResourcePack:Storage Drawers, FMLFileResourcePack:Streams, FMLFileResourcePack:Tinkers' Construct, FMLFileResourcePack:TekTopia, FMLFileResourcePack:Tektopia Information, FMLFileResourcePack:The Twilight Forest, FMLFileResourcePack:Waila Harvestability, FMLFileResourcePack:Localized Weather & Storms, FMLFileResourcePack:Wolf Armor and Storage, FMLFileResourcePack:Worley's Caves, FMLFileResourcePack:Dense Metals, FMLFileResourcePack:Dynamic Surroundings: HUDs, FMLFileResourcePack:Immersive Engineering, FMLFileResourcePack:OreLib Support Mod, FMLFileResourcePack:Snow! Real Magic!
[23:26:05] [Client thread/INFO] [Quark ASM]: Transforming net.minecraft.client.renderer.RenderItem
[23:26:05] [Client thread/INFO] [Quark ASM]: Applying Transformation to method (Names [renderItem, func_180454_a] Descriptor (Lnet/minecraft/item/ItemStack;Lnet/minecraft/client/renderer/block/model/IBakedModel;)V)
[23:26:05] [Client thread/INFO] [Quark ASM]: Located Method, patching...
[23:26:05] [Client thread/INFO] [Quark ASM]: Patch result: true
[23:26:05] [Client thread/INFO] [Quark ASM]: Applying Transformation to method (Names [renderEffect, func_191966_a] Descriptor (Lnet/minecraft/client/renderer/block/model/IBakedModel;)V)
[23:26:05] [Client thread/INFO] [Quark ASM]: Located Method, patching...
[23:26:05] [Client thread/INFO] [Quark ASM]: Located patch target node LDC -8372020
[23:26:05] [Client thread/INFO] [Quark ASM]: Located patch target node LDC -8372020
[23:26:05] [Client thread/INFO] [Quark ASM]: Patch result: true
[23:26:05] [Client thread/INFO] [EnderCore ASM]: Transforming Class [net.minecraft.client.renderer.RenderItem], Method [func_180453_a, func_184391_a]
[23:26:05] [Client thread/INFO] [EnderCore ASM]: Transforming net.minecraft.client.renderer.RenderItem Finished.
[23:26:05] [Client thread/INFO] [Astral Core]: [AstralTransformer] Transforming buq : net.minecraft.client.renderer.EntityRenderer with 1 patches!
[23:26:05] [Client thread/INFO] [Astral Core]: [AstralTransformer] Applied patch PATCHENTITYRENDEREREXTENDEDENTITYREACH
[23:26:05] [Client thread/INFO] [Quark ASM]: Transforming net.minecraft.client.renderer.EntityRenderer
[23:26:05] [Client thread/INFO] [Quark ASM]: Applying Transformation to method (Names [renderWorldPass, func_175068_a] Descriptor (IFJ)V)
[23:26:05] [Client thread/INFO] [Quark ASM]: Located Method, patching...
[23:26:05] [Client thread/INFO] [Quark ASM]: Located patch target node INVOKESPECIAL net/minecraft/client/renderer/EntityRenderer.func_78479_a (FI)V
[23:26:05] [Client thread/INFO] [Quark ASM]: Patch result: true
[23:26:05] [Client thread/WARN] [FML]: There were errors previously. Not beginning mod initialization phase
[23:26:06] [Sound Library Loader/INFO] [net.minecraft.client.audio.SoundManager]: Starting up SoundSystem...
[23:26:06] [Client thread/INFO] [STDOUT]: [team.chisel.ctm.client.asm.CTMTransformer:preTransform:230]: Transforming Class [net.minecraft.client.renderer.texture.TextureMap], Method [registerSprite]
[23:26:06] [Client thread/INFO] [STDOUT]: [team.chisel.ctm.client.asm.CTMTransformer:finishTransform:242]: Transforming net.minecraft.client.renderer.texture.TextureMap Finished.
[23:26:06] [Client thread/INFO] [STDOUT]: [team.chisel.ctm.client.asm.CTMTransformer:preTransform:230]: Transforming Class [net.minecraft.client.renderer.texture.TextureAtlasSprite], Method [updateAnimationInterpolated]
[23:26:06] [Client thread/INFO] [STDOUT]: [team.chisel.ctm.client.asm.CTMTransformer:finishTransform:242]: Transforming net.minecraft.client.renderer.texture.TextureAtlasSprite Finished.
[23:26:06] [Client thread/INFO] [mods.betterfoliage.loader.BetterFoliageTransformer]: Found method net.minecraftforge.client.model.ModelLoader.func_177570_a ()Lnet/minecraft/util/registry/IRegistry; (matching setupModelRegistry)
[23:26:06] [Client thread/INFO] [mods.betterfoliage.loader.BetterFoliageTransformer]: [BetterFoliageLoader] Applying ModelLoader lifecycle callback
[23:26:06] [Thread-5/INFO] [net.minecraft.client.audio.SoundManager]: Initializing LWJGL OpenAL
[23:26:06] [Thread-5/INFO] [net.minecraft.client.audio.SoundManager]: (The LWJGL binding of OpenAL.  For more information, see http://www.lwjgl.org)
[23:26:06] [Client thread/INFO] [Quark ASM]: Transforming net.minecraft.client.renderer.entity.RenderManager
[23:26:06] [Client thread/INFO] [Quark ASM]: Applying Transformation to method (Names [renderEntity, func_188391_a] Descriptor (Lnet/minecraft/entity/Entity;DDDFFZ)V)
[23:26:06] [Client thread/INFO] [Quark ASM]: Located Method, patching...
[23:26:06] [Client thread/INFO] [Quark ASM]: Located patch target node INVOKEVIRTUAL net/minecraft/client/renderer/entity/Render.func_76986_a (Lnet/minecraft/entity/Entity;DDDFF)V
[23:26:06] [Client thread/INFO] [Quark ASM]: Patch result: true
[23:26:06] [Client thread/INFO] [Quark ASM]: Transforming net.minecraft.client.renderer.entity.Render
[23:26:06] [Client thread/INFO] [Quark ASM]: Applying Transformation to method (Names [renderEntityOnFire, func_76977_a] Descriptor (Lnet/minecraft/entity/Entity;DDDF)V)
[23:26:06] [Client thread/INFO] [Quark ASM]: Located Method, patching...
[23:26:06] [Client thread/INFO] [Quark ASM]: Patch result: true
[23:26:06] [Client thread/INFO] [Quark ASM]: Transforming net.minecraft.client.model.ModelBiped
[23:26:06] [Client thread/INFO] [Quark ASM]: Applying Transformation to method (Names [setRotationAngles, func_78087_a] Descriptor (FFFFFFLnet/minecraft/entity/Entity;)V)
[23:26:06] [Client thread/INFO] [Quark ASM]: Located Method, patching...
[23:26:06] [Client thread/INFO] [Quark ASM]: Located patch target node RETURN
[23:26:06] [Client thread/INFO] [Quark ASM]: Patch result: true
[23:26:06] [Client thread/INFO] [Quark ASM]: Transforming net.minecraft.client.renderer.entity.layers.LayerArmorBase
[23:26:06] [Client thread/INFO] [Quark ASM]: Applying Transformation to method (Names [renderArmorLayer, func_188361_a] Descriptor (Lnet/minecraft/entity/EntityLivingBase;FFFFFFFLnet/minecraft/inventory/EntityEquipmentSlot;)V)
[23:26:06] [Client thread/INFO] [Quark ASM]: Located Method, patching...
[23:26:06] [Client thread/INFO] [Quark ASM]: Patch result: true
[23:26:06] [Client thread/INFO] [Quark ASM]: Applying Transformation to method (Names [renderEnchantedGlint, func_188364_a] Descriptor (Lnet/minecraft/client/renderer/entity/RenderLivingBase;Lnet/minecraft/entity/EntityLivingBase;Lnet/minecraft/client/model/ModelBase;FFFFFFF)V)
[23:26:06] [Client thread/INFO] [Quark ASM]: Located Method, patching...
[23:26:06] [Client thread/INFO] [Quark ASM]: Located patch target node INVOKESTATIC net/minecraft/client/renderer/GlStateManager.func_179131_c (FFFF)V
[23:26:06] [Client thread/INFO] [Quark ASM]: Located patch target node INVOKESTATIC net/minecraft/client/renderer/GlStateManager.func_179131_c (FFFF)V
[23:26:06] [Client thread/INFO] [Quark ASM]: Patch result: true
[23:26:07] [Client thread/INFO] [Quark ASM]: Transforming net.minecraft.client.renderer.entity.RenderBoat
[23:26:07] [Client thread/INFO] [Quark ASM]: Applying Transformation to method (Names [doRender, func_188300_b] Descriptor (Lnet/minecraft/entity/item/EntityBoat;DDDFF)V)
[23:26:07] [Client thread/INFO] [Quark ASM]: Located Method, patching...
[23:26:07] [Client thread/INFO] [Quark ASM]: Located patch target node INVOKEINTERFACE net/minecraft/client/model/IMultipassModel.func_187054_b (Lnet/minecraft/entity/Entity;FFFFFF)V
[23:26:07] [Client thread/INFO] [Quark ASM]: Patch result: true
[23:26:07] [Client thread/INFO] [Quark ASM]: Transforming net.minecraft.client.renderer.entity.layers.LayerEntityOnShoulder
[23:26:07] [Client thread/INFO] [Quark ASM]: Applying Transformation to method (Names [renderEntityOnShoulder, func_192864_a] Descriptor (Lnet/minecraft/entity/player/EntityPlayer;Ljava/util/UUID;Lnet/minecraft/nbt/NBTTagCompound;Lnet/minecraft/client/renderer/entity/RenderLivingBase;Lnet/minecraft/client/model/ModelBase;Lnet/minecraft/util/ResourceLocation;Ljava/lang/Class;FFFFFFFZ)Lnet/minecraft/client/renderer/entity/layers/LayerEntityOnShoulder$DataHolder;)
[23:26:07] [Client thread/INFO] [Quark ASM]: Located Method, patching...
[23:26:07] [Client thread/INFO] [Quark ASM]: Located patch target node INVOKEVIRTUAL net/minecraft/client/renderer/entity/RenderLivingBase.func_110776_a (Lnet/minecraft/util/ResourceLocation;)V
[23:26:07] [Client thread/INFO] [Quark ASM]: Patch result: true
[23:26:07] [Client thread/INFO] [Quark ASM]: Transforming net.minecraft.client.renderer.BlockModelRenderer
[23:26:07] [Client thread/INFO] [Quark ASM]: Applying Transformation to method (Names [renderQuadsFlat, func_187496_a] Descriptor (Lnet/minecraft/world/IBlockAccess;Lnet/minecraft/block/state/IBlockState;Lnet/minecraft/util/math/BlockPos;IZLnet/minecraft/client/renderer/BufferBuilder;Ljava/util/List;Ljava/util/BitSet;)V)
[23:26:07] [Client thread/INFO] [Quark ASM]: Located Method, patching...
[23:26:07] [Client thread/INFO] [Quark ASM]: Located patch target node INVOKEVIRTUAL net/minecraft/client/renderer/BufferBuilder.func_178987_a (DDD)V
[23:26:07] [Client thread/INFO] [Quark ASM]: Patch result: true
[23:26:07] [Thread-5/INFO] [net.minecraft.client.audio.SoundManager]: OpenAL initialized.
[23:26:07] [Sound Library Loader/INFO] [net.minecraft.client.audio.SoundManager]: Sound engine started
[23:26:07] [Client thread/INFO] [com.mojang.text2speech.NarratorWindows]: Narrator library for x64 successfully loaded
[23:26:07] [Client thread/INFO] [Quark ASM]: Transforming net.minecraft.client.renderer.tileentity.TileEntityPistonRenderer
[23:26:07] [Client thread/INFO] [Quark ASM]: Applying Transformation to method (Names [render, func_192841_a] Descriptor (Lnet/minecraft/tileentity/TileEntityPiston;DDDFIF)V)
[23:26:07] [Client thread/INFO] [Quark ASM]: Located Method, patching...
[23:26:07] [Client thread/INFO] [Quark ASM]: Patch result: true
[23:26:08] [Client thread/INFO] [mods.betterfoliage.loader.BetterFoliageTransformer]: Found method net.minecraft.client.renderer.chunk.RenderChunk.func_178581_b (FFFLnet/minecraft/client/renderer/chunk/ChunkCompileTaskGenerator;)V (matching rebuildChunk)
[23:26:08] [Client thread/INFO] [mods.betterfoliage.loader.BetterFoliageTransformer]: [BetterFoliageLoader] Applying RenderChunk block render override
[23:26:08] [Client thread/INFO] [mods.betterfoliage.loader.BetterFoliageTransformer]: [BetterFoliageLoader] Applying RenderChunk block layer override
[23:26:17] [Client thread/INFO] [net.minecraft.client.Minecraft]: Stopping!
[23:26:17] [Client thread/INFO] [net.minecraft.client.audio.SoundManager]: SoundSystem shutting down...
[23:26:18] [Client thread/WARN] [net.minecraft.client.audio.SoundManager]: Author: Paul Lamb, www.paulscode.com
